{"total": {"lines":{"total":13,"covered":12,"skipped":0,"pct":92.31},"statements":{"total":15,"covered":14,"skipped":0,"pct":93.33},"functions":{"total":5,"covered":4,"skipped":0,"pct":80},"branches":{"total":0,"covered":0,"skipped":0,"pct":100}}
,"/mnt/c/Users/olli/Documents/Projects/istanbul-badges-readme/examples/mocha-example/index.spec.ts": {"lines":{"total":9,"covered":9,"skipped":0,"pct":100},"functions":{"total":3,"covered":3,"skipped":0,"pct":100},"statements":{"total":9,"covered":9,"skipped":0,"pct":100},"branches":{"total":0,"covered":0,"skipped":0,"pct":100}}
,"/mnt/c/Users/olli/Documents/Projects/istanbul-badges-readme/examples/mocha-example/index.ts": {"lines":{"total":4,"covered":3,"skipped":0,"pct":75},"functions":{"total":2,"covered":1,"skipped":0,"pct":50},"statements":{"total":6,"covered":5,"skipped":0,"pct":83.33},"branches":{"total":0,"covered":0,"skipped":0,"pct":100}}
}
